C:\Keysight\Development\git\truss-lite>py tool\configBuild.py
"C:\Program Files\Python310\Scripts\conan.exe"
Configuration:
[settings]
arch=x86_64
arch_build=x86_64
build_type=Debug
compiler=Visual Studio
compiler.runtime=MDd
compiler.version=17
os=Windows
os_build=Windows
KalClient:compiler.version=16
[options]
enable_ccl_support=False
enable_kal_support=True
include_examples=False
solution_scope=IVI
use_core_packages=False
ModularCoreLog:shared=False
[build_requires]
[env]
CONAN_USE_ALWAYS_SHORT_PATHS=1
The running Python version is:
Major version: 3
Minor version: 10
WARN: CdmJson/3.0.2-1@keysight/stable: requirement CdmCore/[^4.0.2]@keysight/stable overridden by your conanfile to CdmCore/4.0.3@keysight/stable
WARN: KsfIpc/3.11.4-2@keysight/stable: requirement RxCpp/4.1.0@keysight/latest overridden by your conanfile to RxCpp/4.1.1@keysight/latest
WARN: grpc/1.17.2-17@k3p/stable: requirement zlib/1.2.11-2@k3p/stable overridden by KsfIpc/3.11.4-2@keysight/stable to zlib/1.2.12
WARN: grpc/1.17.2-17@k3p/stable: requirement OpenSSL/1.1.1g-1@k3p/stable overridden by KsfIpc/3.11.4-2@keysight/stable to OpenSSL/1.1.1g-3@k3p/stable
WARN: KdimApi/2.4.2@keysight/stable: requirement jsonformoderncpp/[^3.7.0-1]@k3p/stable overridden by your conanfile to jsonformoderncpp/3.9.1@k3p/stable
WARN: KdimApi/2.4.2@keysight/stable: requirement asio/[~1.12.2-1]@k3p/stable overridden by your conanfile to asio/1.12.2-2@k3p/stable
WARN: KdimApi/2.4.2@keysight/stable: requirement KsfLoggerComponent/[^7.0.1]@keysight/stable overridden by your conanfile to KsfLoggerComponent/7.0.2-4@keysight/stable
WARN: KdimApi/2.4.2@keysight/stable: requirement zlib/[^1.2.12-1]@k3p/stable overridden by your conanfile to zlib/1.2.12
WARN: KdimApi/2.4.2@keysight/stable: requirement OpenSSL/1.0.2q-4@k3p/stable overridden by your conanfile to OpenSSL/1.1.1g-3@k3p/stable
WARN: websocketpp/0.8.1-2@k3p/stable: requirement OpenSSL/1.0.2q-4@k3p/stable overridden by KdimApi/2.4.2@keysight/stable to OpenSSL/1.1.1g-3@k3p/stable
WARN: websocketpp/0.8.1-2@k3p/stable: requirement zlib/1.2.11-1@k3p/stable overridden by KdimApi/2.4.2@keysight/stable to zlib/1.2.12
WARN: websocketpp/0.8.1-2@k3p/stable: requirement asio/1.12.2-1@k3p/stable overridden by KdimApi/2.4.2@keysight/stable to asio/1.12.2-2@k3p/stable
WARN: asio/1.12.2-2@k3p/stable: requirement OpenSSL/1.1.1g-1@k3p/stable overridden by websocketpp/0.8.1-2@k3p/stable to OpenSSL/1.1.1g-3@k3p/stable
WARN: KsfLoggerComponent/7.0.2-4@keysight/stable: requirement CdmCore/[^4.0.0]@keysight/stable overridden by KdimApi/2.4.2@keysight/stable to CdmCore/4.0.3@keysight/stable
WARN: KsfLoggerComponent/7.0.2-4@keysight/stable: requirement CdmJson/[^3.0.0]@keysight/stable overridden by KdimApi/2.4.2@keysight/stable to CdmJson/3.0.2-1@keysight/stable
WARN: nats.c/2.1.0-9@k3p/stable: requirement OpenSSL/1.1.1g-1@k3p/stable overridden by KsfLoggerComponent/7.0.2-4@keysight/stable to OpenSSL/1.1.1g-3@k3p/stable
WARN: KdiaApi/3.0.3@keysight/stable: requirement asio/[~1.12.2-1]@k3p/stable overridden by your conanfile to asio/1.12.2-2@k3p/stable
WARN: KdiaApi/3.0.3@keysight/stable: requirement jsonformoderncpp/[^3.7.0-1]@k3p/stable overridden by your conanfile to jsonformoderncpp/3.9.1@k3p/stable
WARN: KdiaApi/3.0.3@keysight/stable: requirement KsfLoggerComponent/[^7.0.1]@keysight/stable overridden by your conanfile to KsfLoggerComponent/7.0.2-4@keysight/stable
WARN: KdiaApi/3.0.3@keysight/stable: requirement zlib/[^1.2.12-1]@k3p/stable overridden by your conanfile to zlib/1.2.12
WARN: KdiaApi/3.0.3@keysight/stable: requirement OpenSSL/1.0.2q-4@k3p/stable overridden by your conanfile to OpenSSL/1.1.1g-3@k3p/stable
WARN: NgcCodeGen/2.6.1-17@keysight/latest: requirement gtest/1.8.0@bincrafters/stable overridden by your conanfile to gtest/1.11.0@k3p/stable
WARN: NgcCodeGen/2.6.1-17@keysight/latest: requirement ModularCoreLog/[^2.5.0]@keysight/stable overridden by your conanfile to ModularCoreLog/2.5.1@keysight/stable
WARN: NgcCodeGen/2.6.1-17@keysight/latest: requirement NgcRepCap/[^1.2.2]@keysight/stable overridden by your conanfile to NgcRepCap/1.2.3-1@keysight/stable
WARN: NgcCodeGen/2.6.1-17@keysight/latest: requirement KsfIpc/[~3.10.0-6]@keysight/stable overridden by your conanfile to KsfIpc/3.11.4-2@keysight/stable
WARN: NgcCodeGen/2.6.1-17@keysight/latest: requirement KdimApi/[^2.3.0]@keysight/stable overridden by your conanfile to KdimApi/2.4.2@keysight/stable
WARN: NgcCodeGen/2.6.1-17@keysight/latest: requirement KdiaApi/[^3.0.1]@keysight/stable overridden by your conanfile to KdiaApi/3.0.3@keysight/stable
WARN: NgcCodeGen/2.6.1-17@keysight/latest: requirement OpenSSL/1.0.2q-4@k3p/stable overridden by your conanfile to OpenSSL/1.1.1g-3@k3p/stable
WARN: NgcCodeGen/2.6.1-17@keysight/latest: requirement protobuf/3.6.1-2@k3p/stable overridden by your conanfile to protobuf/3.6.1-3@k3p/stable
WARN: NgcCodeGen/2.6.1-17@keysight/latest: requirement protoc_installer/3.6.1-2@k3p/stable overridden by your conanfile to protoc_installer/3.6.1-5@k3p/stable
WARN: NgcCodeGen/2.6.1-17@keysight/latest: requirement pybind11/2.9.0-3@k3p/stable overridden by your conanfile to pybind11/2.10.1-2@k3p/stable
WARN: ModularCoreLog/2.5.1@keysight/stable: requirement CdmCore/[^4.0.0]@keysight/stable overridden by NgcCodeGen/2.6.1-17@keysight/latest to CdmCore/4.0.3@keysight/stable
WARN: boost/1.78.0: requirement zlib/1.2.13 overridden by your conanfile to zlib/1.2.12
Version ranges solved
    Version range '^1.10.0' required by 'python_require' resolved to 'KsfBuildTools/1.10.0@keysight/stable' in local cache
    Version range '^1.0.0' required by 'CdmCore/4.0.3@keysight/stable' resolved to 'KsfFlatMap/1.0.0@keysight/stable' in local cache
    Version range '^2.0.0' required by 'CdmCore/4.0.3@keysight/stable' resolved to 'KsfPortability/2.0.0@keysight/stable' in local cache
    Version range '^1.5.0' required by 'python_require' resolved to 'KsfBuildTools/1.10.0@keysight/stable' in local cache
    Version range '^1.3.3' required by 'python_require' resolved to 'KsfBuildTools/1.10.0@keysight/stable' in local cache
    Version range '^1.3.3' required by 'python_require' resolved to 'KsfBuildTools/1.10.0@keysight/stable' in local cache
    Version range '^1.5.1' required by 'python_require' resolved to 'KsfBuildTools/1.10.0@keysight/stable' in local cache
    Version range '^0.2.0-2' required by 'python_require' resolved to 'CrossCompileSupport/0.2.0-2@keysight/stable' in local cache
    Version range '^1.8.3' required by 'python_require' resolved to 'KsfBuildTools/1.10.0@keysight/stable' in local cache
    Version range '~3.9.1' required by 'KsfLoggerComponent/7.0.2-4@keysight/stable' resolved to 'nlohmann_json/3.9.1' in local cache
    Version range '>0.1.0, include_prerelease=True' required by 'python_require' resolved to 'CrossCompileSupport/0.2.0-2@keysight/stable' in local cache

conanfile.py: Installing package
Requirements
    CdmCore/4.0.3@keysight/stable from 'conan-keysight' - Cache
    CdmJson/3.0.2-1@keysight/stable from 'conan-keysight' - Cache
    HVIcoreInstaller2023/3.20.1+0@keysight/alpha from 'conan-keysight' - Cache
    HviCoreHardCpp2023/3.20.1@keysight/alpha from 'conan-keysight' - Cache
    K7zLib/1.6.11@keysight/stable from 'conan-keysight' - Cache
    KalClient/4.3.0@keysight/stable from 'conan-keysight' - Cache
    KdiaApi/3.0.3@keysight/stable from 'conan-keysight' - Cache
    KdimApi/2.4.2@keysight/stable from 'conan-keysight' - Cache
    KsfFlatMap/1.0.0@keysight/stable from 'conan-keysight' - Cache
    KsfIpc/3.11.4-2@keysight/stable from 'conan-keysight' - Cache
    KsfLoggerComponent/7.0.2-4@keysight/stable from 'conan-keysight' - Cache
    KsfPortability/2.0.0@keysight/stable from 'conan-keysight' - Cache
    ModularCoreAuthenticationLib/1.1.7@keysight/stable from 'conan-keysight' - Cache
    ModularCoreLog/2.5.1@keysight/stable from 'conan-keysight' - Cache
    ModuleSniffer/2.1.9@keysight/testing from 'conan-keysight' - Cache
    NgcCodeGen/2.6.1-17@keysight/latest from 'conan-keysight' - Cache
    NgcRepCap/1.2.3-1@keysight/stable from 'conan-keysight' - Cache
    OpenSSL/1.1.1g-3@k3p/stable from 'conan-keysight' - Cache
    QdmaKernelDriver/0.0.37@keysight/stable from 'conan-keysight' - Cache
    RxCpp/4.1.1@keysight/latest from 'conan-keysight' - Cache
    TrussBuild/1.5.46@keysight/stable from 'conan-keysight' - Cache
    TrussBuildMkl/1.0@keysight/stable from 'conan-keysight' - Cache
    TrussFpga/1.4.24@keysight/stable from 'conan-keysight' - Cache
    TrussInstall/1.2.38@keysight/stable from 'conan-keysight' - Cache
    TrussTest/1.1.9@keysight/stable from 'conan-keysight' - Cache
    TrussTestFpgaRm/1.0.60@keysight/stable from 'conan-keysight' - Cache
    TrussTools/1.8.101@keysight/stable from 'conan-keysight' - Cache
    TrussVerticalFeatureTest/0.0.4@keysight/stable from 'conan-keysight' - Cache
    asio/1.12.2-2@k3p/stable from 'conan-keysight' - Cache
    benchmark/1.5.3 from 'conan-keysight' - Cache
    boost/1.78.0 from 'conan-keysight' - Cache
    bzip2/1.0.8 from 'conan-keysight' - Cache
    c-ares/1.15.0-1@k3p/stable from 'conan-keysight' - Cache
    cryptopp/7.0.0@keysight/stable from 'conan-keysight' - Cache
    grpc/1.17.2-17@k3p/stable from 'conan-keysight' - Cache
    gsl/1.0.0@k3p/stable from 'conan-keysight' - Cache
    gtest/1.11.0@k3p/stable from 'conan-keysight' - Cache
    jsonformoderncpp/3.9.1@k3p/stable from 'conan-keysight' - Cache
    modinstppi/1.0.0-19@keysight/latest from 'conan-keysight' - Cache
    nats.c/2.1.0-9@k3p/stable from 'conan-keysight' - Cache
    nlohmann_json/3.9.1 from 'conan-keysight' - Cache
    protobuf/3.6.1-3@k3p/stable from 'conan-keysight' - Cache
    protobuf-c/1.3.2-2@k3p/stable from 'conan-keysight' - Cache
    protoc_installer/3.6.1-5@k3p/stable from 'conan-keysight' - Cache
    pybind11/2.10.1-2@k3p/stable from 'conan-keysight' - Cache
    websocketpp/0.8.1-2@k3p/stable from 'conan-keysight' - Cache
    zlib/1.2.12 from 'conan-keysight' - Cache
Python requires
    KsfBuildTools/1.10.0@keysight/stable
    CrossCompileSupport/0.2.0-2@keysight/stable
Packages
    CdmCore/4.0.3@keysight/stable:70ca82583d5e2e6aa3bafa8b0f84bbd327b9e402 - Cache
    CdmJson/3.0.2-1@keysight/stable:792dcfd8e600d2adb00d9d0ccfa5721b50947adb - Cache
    HVIcoreInstaller2023/3.20.1+0@keysight/alpha:3475bd55b91ae904ac96fde0f106a136ab951a5e - Cache
    HviCoreHardCpp2023/3.20.1@keysight/alpha:29eea77524c1e12ad01948f31a4d86042a54249d - Cache
    K7zLib/1.6.11@keysight/stable:bf9ec17af5844bd8d3cc139070000dc26fc5f076 - Cache
    KalClient/4.3.0@keysight/stable:2d2fe275b8d8e3fac1fdf29dcb27797c0409ded6 - Cache
    KdiaApi/3.0.3@keysight/stable:8b384c1b4f6c2f92f5836351c1a41fd0868a8667 - Cache
    KdimApi/2.4.2@keysight/stable:8b384c1b4f6c2f92f5836351c1a41fd0868a8667 - Cache
    KsfFlatMap/1.0.0@keysight/stable:5ab84d6acfe1f23c4fae0ab88f26e3a396351ac9 - Cache
    KsfIpc/3.11.4-2@keysight/stable:e84b179d7ff11f57084893ef97aec1ab479d82e8 - Cache
    KsfLoggerComponent/7.0.2-4@keysight/stable:ec92705c2520b94968c3cc80a8917e937822a9f2 - Cache
    KsfPortability/2.0.0@keysight/stable:5ab84d6acfe1f23c4fae0ab88f26e3a396351ac9 - Cache
    ModularCoreAuthenticationLib/1.1.7@keysight/stable:164640aad040835ac89882393a96d89200694f04 - Cache
    ModularCoreLog/2.5.1@keysight/stable:ce1e5ce046a3d287b1457e2d23707903d2a5eb65 - Cache
    ModuleSniffer/2.1.9@keysight/testing:164640aad040835ac89882393a96d89200694f04 - Cache
    NgcCodeGen/2.6.1-17@keysight/latest:7dc2ea678b087edc92912dcdd0da0e6d22a48df5 - Cache
    NgcRepCap/1.2.3-1@keysight/stable:54fffbd8ff221155e2cff01b08be0c7045b38f00 - Cache
    OpenSSL/1.1.1g-3@k3p/stable:164640aad040835ac89882393a96d89200694f04 - Cache
    QdmaKernelDriver/0.0.37@keysight/stable:3475bd55b91ae904ac96fde0f106a136ab951a5e - Cache
    RxCpp/4.1.1@keysight/latest:5ab84d6acfe1f23c4fae0ab88f26e3a396351ac9 - Cache
    TrussBuild/1.5.46@keysight/stable:3475bd55b91ae904ac96fde0f106a136ab951a5e - Cache
    TrussBuildMkl/1.0@keysight/stable:3475bd55b91ae904ac96fde0f106a136ab951a5e - Cache
    TrussFpga/1.4.24@keysight/stable:5ab84d6acfe1f23c4fae0ab88f26e3a396351ac9 - Cache
    TrussInstall/1.2.38@keysight/stable:3475bd55b91ae904ac96fde0f106a136ab951a5e - Cache
    TrussTest/1.1.9@keysight/stable:5ab84d6acfe1f23c4fae0ab88f26e3a396351ac9 - Cache
    TrussTestFpgaRm/1.0.60@keysight/stable:5ab84d6acfe1f23c4fae0ab88f26e3a396351ac9 - Cache
    TrussTools/1.8.101@keysight/stable:3475bd55b91ae904ac96fde0f106a136ab951a5e - Cache
    TrussVerticalFeatureTest/0.0.4@keysight/stable:5ab84d6acfe1f23c4fae0ab88f26e3a396351ac9 - Cache
    asio/1.12.2-2@k3p/stable:5ab84d6acfe1f23c4fae0ab88f26e3a396351ac9 - Cache
    benchmark/1.5.3:5a6e0812831f2e423aa3a50880b632a00be40424 - Cache
    boost/1.78.0:16b9001b8a63a30494fdfa778b84e8ee6b83fd53 - Cache
    bzip2/1.0.8:d74f69022acf854c1ce6f27efa07ccbb6504e4b1 - Cache
    c-ares/1.15.0-1@k3p/stable:164640aad040835ac89882393a96d89200694f04 - Cache
    cryptopp/7.0.0@keysight/stable:164640aad040835ac89882393a96d89200694f04 - Cache
    grpc/1.17.2-17@k3p/stable:1a1d1db841a91063fd5c0a6da898511ccc9f9129 - Cache
    gsl/1.0.0@k3p/stable:5ab84d6acfe1f23c4fae0ab88f26e3a396351ac9 - Cache
    gtest/1.11.0@k3p/stable:311ead3d41800dc0d53bbfabef664be019d1e3be - Cache
    jsonformoderncpp/3.9.1@k3p/stable:5ab84d6acfe1f23c4fae0ab88f26e3a396351ac9 - Cache
    modinstppi/1.0.0-19@keysight/latest:164640aad040835ac89882393a96d89200694f04 - Cache
    nats.c/2.1.0-9@k3p/stable:67fc54543407dc4117ec3b961ce72b7f15a4692f - Cache
    nlohmann_json/3.9.1:5ab84d6acfe1f23c4fae0ab88f26e3a396351ac9 - Cache
    protobuf/3.6.1-3@k3p/stable:164640aad040835ac89882393a96d89200694f04 - Cache
    protobuf-c/1.3.2-2@k3p/stable:7509146cdd585c92bbeb67980963b9798dca8b4f - Cache
    protoc_installer/3.6.1-5@k3p/stable:6236666cd3418b27ada8a6b90c95d74ab30eb60d - Cache
    pybind11/2.10.1-2@k3p/stable:5ab84d6acfe1f23c4fae0ab88f26e3a396351ac9 - Cache
    websocketpp/0.8.1-2@k3p/stable:5ab84d6acfe1f23c4fae0ab88f26e3a396351ac9 - Cache
    zlib/1.2.12:164640aad040835ac89882393a96d89200694f04 - Cache

Installing (downloading, building) binaries...
HVIcoreInstaller2023/3.20.1+0@keysight/alpha: Already installed!
K7zLib/1.6.11@keysight/stable: Already installed!
KalClient/4.3.0@keysight/stable: Already installed!
KsfFlatMap/1.0.0@keysight/stable: Already installed!
KsfPortability/2.0.0@keysight/stable: Already installed!
ModularCoreAuthenticationLib/1.1.7@keysight/stable: Already installed!
ModuleSniffer/2.1.9@keysight/testing: Already installed!
NgcRepCap/1.2.3-1@keysight/stable: Already installed!
OpenSSL/1.1.1g-3@k3p/stable: Already installed!
QdmaKernelDriver/0.0.37@keysight/stable: Already installed!
RxCpp/4.1.1@keysight/latest: Already installed!
TrussBuild/1.5.46@keysight/stable: Already installed!
TrussBuildMkl/1.0@keysight/stable: Already installed!
TrussFpga/1.4.24@keysight/stable: Already installed!
TrussInstall/1.2.38@keysight/stable: Already installed!
TrussTest/1.1.9@keysight/stable: Already installed!
TrussTest/1.1.9@keysight/stable: WARN: Lib folder doesn't exist, can't collect libraries: C:\.conan\874262\1\lib
TrussTestFpgaRm/1.0.60@keysight/stable: Already installed!
TrussTestFpgaRm/1.0.60@keysight/stable: WARN: Lib folder doesn't exist, can't collect libraries: C:\.conan\590d35\1\lib
TrussTools/1.8.101@keysight/stable: Already installed!
TrussTools/1.8.101@keysight/stable: WARN: Lib folder doesn't exist, can't collect libraries: C:\.conan\fc1932\1\lib
TrussVerticalFeatureTest/0.0.4@keysight/stable: Already installed!
TrussVerticalFeatureTest/0.0.4@keysight/stable: WARN: Lib folder doesn't exist, can't collect libraries: C:\.conan\661d6d\1\lib
benchmark/1.5.3: Already installed!
bzip2/1.0.8: Already installed!
c-ares/1.15.0-1@k3p/stable: Already installed!
cryptopp/7.0.0@keysight/stable: Already installed!
gsl/1.0.0@k3p/stable: Already installed!
gtest/1.11.0@k3p/stable: Already installed!
jsonformoderncpp/3.9.1@k3p/stable: Already installed!
modinstppi/1.0.0-19@keysight/latest: Already installed!
nlohmann_json/3.9.1: Already installed!
protobuf/3.6.1-3@k3p/stable: Already installed!
protoc_installer/3.6.1-5@k3p/stable: Already installed!
pybind11/2.10.1-2@k3p/stable: Already installed!
zlib/1.2.12: Already installed!
CdmCore/4.0.3@keysight/stable: Already installed!
HviCoreHardCpp2023/3.20.1@keysight/alpha: Already installed!
asio/1.12.2-2@k3p/stable: Already installed!
boost/1.78.0: Already installed!
boost/1.78.0: Disabled magic autolinking (smart and magic decisions)
boost/1.78.0: WARN: Using the new toolchains and generators without specifying a build profile (e.g: -pr:b=default) is discouraged and might cause failures and unexpected behavior
grpc/1.17.2-17@k3p/stable: Already installed!
protobuf-c/1.3.2-2@k3p/stable: Already installed!
CdmJson/3.0.2-1@keysight/stable: Already installed!
KsfIpc/3.11.4-2@keysight/stable: Already installed!
KsfIpc/3.11.4-2@keysight/stable: WARN: Lib folder doesn't exist, can't collect libraries: C:\.conan\253965\1\lib
KsfIpc/3.11.4-2@keysight/stable: package_info: pathCmake=C:\.conan\253965\1\cmake
ModularCoreLog/2.5.1@keysight/stable: Already installed!
nats.c/2.1.0-9@k3p/stable: Already installed!
websocketpp/0.8.1-2@k3p/stable: Already installed!
KsfLoggerComponent/7.0.2-4@keysight/stable: Already installed!
KdiaApi/3.0.3@keysight/stable: Already installed!
KdimApi/2.4.2@keysight/stable: Already installed!
NgcCodeGen/2.6.1-17@keysight/latest: Already installed!
conanfile.py: Generator visual_studio created conanbuildinfo.props
conanfile.py: Generator cmake_multi created conanbuildinfo_debug.cmake
conanfile.py: Generator cmake_multi created conanbuildinfo_multi.cmake
conanfile.py: Generator cmake created conanbuildinfo.cmake
conanfile.py: Generator txt created conanbuildinfo.txt
conanfile.py: Aggregating env generators
conanfile.py: Generated conaninfo.txt
conanfile.py: Generated graphinfo
conanfile.py imports(): Copied 25 '.pdb' files
conanfile.py imports(): Copied 20 '.exe' files
conanfile.py imports(): Copied 2 '.dll' files: HVI2.Cored.dll, ModInstPpi.dll
"C:\Program Files\Python310\Scripts\conan.exe"
Using lockfile: 'C:\Keysight\Development\git\truss-lite\build\win64/conan.lock'
Using cached profile from lockfile
The running Python version is:
Major version: 3
Minor version: 10
conanfile.py: Calling build()
in configure
Found vstest at C:/Program Files/Microsoft Visual Studio/2022/Professional/Common7/IDE/CommonExtensions/Microsoft/TestWindow/vstest.console.exe
REQUIRE_PYTHON_VERSION="3.10"
-- Selecting Windows SDK version 10.0.19041.0 to target Windows 10.0.
-- Conan: called by CMake conan helper
-- Conan: Adjusting output directories
-- Conan: Using cmake targets configuration
-- Library libboost_contract found C:/.conan/40217f/1/lib/libboost_contract.lib
-- Library libboost_coroutine found C:/.conan/40217f/1/lib/libboost_coroutine.lib
-- Library libboost_fiber_numa found C:/.conan/40217f/1/lib/libboost_fiber_numa.lib
-- Library libboost_fiber found C:/.conan/40217f/1/lib/libboost_fiber.lib
-- Library libboost_context found C:/.conan/40217f/1/lib/libboost_context.lib
-- Library libboost_graph found C:/.conan/40217f/1/lib/libboost_graph.lib
-- Library libboost_iostreams found C:/.conan/40217f/1/lib/libboost_iostreams.lib
-- Library libboost_json found C:/.conan/40217f/1/lib/libboost_json.lib
-- Library libboost_locale found C:/.conan/40217f/1/lib/libboost_locale.lib
-- Library libboost_log_setup found C:/.conan/40217f/1/lib/libboost_log_setup.lib
-- Library libboost_log found C:/.conan/40217f/1/lib/libboost_log.lib
-- Library libboost_math_c99 found C:/.conan/40217f/1/lib/libboost_math_c99.lib
-- Library libboost_math_c99f found C:/.conan/40217f/1/lib/libboost_math_c99f.lib
-- Library libboost_math_c99l found C:/.conan/40217f/1/lib/libboost_math_c99l.lib
-- Library libboost_math_tr1 found C:/.conan/40217f/1/lib/libboost_math_tr1.lib
-- Library libboost_math_tr1f found C:/.conan/40217f/1/lib/libboost_math_tr1f.lib
-- Library libboost_math_tr1l found C:/.conan/40217f/1/lib/libboost_math_tr1l.lib
-- Library libboost_nowide found C:/.conan/40217f/1/lib/libboost_nowide.lib
-- Library libboost_program_options found C:/.conan/40217f/1/lib/libboost_program_options.lib
-- Library libboost_random found C:/.conan/40217f/1/lib/libboost_random.lib
-- Library libboost_regex found C:/.conan/40217f/1/lib/libboost_regex.lib
-- Library libboost_stacktrace_noop found C:/.conan/40217f/1/lib/libboost_stacktrace_noop.lib
-- Library libboost_stacktrace_windbg found C:/.conan/40217f/1/lib/libboost_stacktrace_windbg.lib
-- Library libboost_stacktrace_windbg_cached found C:/.conan/40217f/1/lib/libboost_stacktrace_windbg_cached.lib
-- Library libboost_timer found C:/.conan/40217f/1/lib/libboost_timer.lib
-- Library libboost_type_erasure found C:/.conan/40217f/1/lib/libboost_type_erasure.lib
-- Library libboost_thread found C:/.conan/40217f/1/lib/libboost_thread.lib
-- Library libboost_chrono found C:/.conan/40217f/1/lib/libboost_chrono.lib
-- Library libboost_container found C:/.conan/40217f/1/lib/libboost_container.lib
-- Library libboost_date_time found C:/.conan/40217f/1/lib/libboost_date_time.lib
-- Library libboost_unit_test_framework found C:/.conan/40217f/1/lib/libboost_unit_test_framework.lib
-- Library libboost_prg_exec_monitor found C:/.conan/40217f/1/lib/libboost_prg_exec_monitor.lib
-- Library libboost_test_exec_monitor found C:/.conan/40217f/1/lib/libboost_test_exec_monitor.lib
-- Library libboost_exception found C:/.conan/40217f/1/lib/libboost_exception.lib
-- Library libboost_wave found C:/.conan/40217f/1/lib/libboost_wave.lib
-- Library libboost_filesystem found C:/.conan/40217f/1/lib/libboost_filesystem.lib
-- Library libboost_atomic found C:/.conan/40217f/1/lib/libboost_atomic.lib
-- Library libboost_wserialization found C:/.conan/40217f/1/lib/libboost_wserialization.lib
-- Library libboost_serialization found C:/.conan/40217f/1/lib/libboost_serialization.lib
-- Library benchmark found C:/.conan/24ab17/1/lib/benchmark.lib
-- Library benchmark_main found C:/.conan/24ab17/1/lib/benchmark_main.lib
-- Library cryptopp-static found C:/.conan/67e077/1/lib/cryptopp-static.lib
-- Library KtHviHardCpp-productd found C:/.conan/9a24cf/1/api/hardCpp/product/lib/KtHviHardCpp-productd.lib
-- Library KtHviHardCppd found C:/.conan/9a24cf/1/api/hardCpp/public/lib/KtHviHardCppd.lib
-- Library HVI2.Cored found C:/.conan/9a24cf/1/lib/HVI2.Cored.lib
-- Library k7z_manifest_libd found C:/.conan/19cad9/1/lib/k7z_manifest_libd.lib
-- Library K7zUtilitiesd found C:/.conan/19cad9/1/lib/K7zUtilitiesd.lib
-- Library SevenZipd found C:/.conan/19cad9/1/lib/SevenZipd.lib
-- Library FileSystemUtilitiesd found C:/.conan/19cad9/1/lib/FileSystemUtilitiesd.lib
-- Library k7z_manifest_lib not found in package, might be system one
-- Library K7zUtilities not found in package, might be system one
-- Library SevenZip not found in package, might be system one
-- Library FileSystemUtilities not found in package, might be system one
-- Library kalclient found C:/.conan/0c6712/1/lib/kalclient.lib
-- Library comctl32 not found in package, might be system one
-- Library crypt32 not found in package, might be system one
-- Library dhcpcsvc not found in package, might be system one
-- Library legacy_stdio_definitions not found in package, might be system one
-- Library netapi32 not found in package, might be system one
-- Library Shlwapi not found in package, might be system one
-- Library userenv not found in package, might be system one
-- Library Wbemuuid not found in package, might be system one
-- Library wintrust not found in package, might be system one
-- Library ws2_32 not found in package, might be system one
-- Library AuthenticationLib found C:/.conan/312b02/1/lib/AuthenticationLib.lib
-- Library ModInstPpi found C:/.conan/1fa0a1/1/lib/ModInstPpi.lib
-- Library ModuleSnifferd found C:/.conan/63cef8/1/lib/ModuleSnifferd.lib
-- Library NgcRepCap found C:/.conan/16f1df/1/lib/NgcRepCap.lib
-- Library KdimClientApi found C:/.conan/8c378a/1/lib/KdimClientApi.lib
-- Library KdiaClientApi found C:/.conan/e27a84/1/lib/KdiaClientApi.lib
-- Library bz2 found C:/.conan/4f6899/1/lib/bz2.lib
-- Library gtest_maind found C:/.conan/76ef8e/1/lib/gtest_maind.lib
-- Library gmock_maind found C:/.conan/76ef8e/1/lib/gmock_maind.lib
-- Library gmockd found C:/.conan/76ef8e/1/lib/gmockd.lib
-- Library gtestd found C:/.conan/76ef8e/1/lib/gtestd.lib
-- Library ModularCoreLog found C:/.conan/3e9b87/1/lib/ModularCoreLog.lib
-- Library grpc found C:/.conan/23ac57/1/lib/grpc.lib
-- Library grpc++ found C:/.conan/23ac57/1/lib/grpc++.lib
-- Library grpc_unsecure found C:/.conan/23ac57/1/lib/grpc_unsecure.lib
-- Library grpc++_unsecure found C:/.conan/23ac57/1/lib/grpc++_unsecure.lib
-- Library gpr found C:/.conan/23ac57/1/lib/gpr.lib
-- Library address_sorting found C:/.conan/23ac57/1/lib/address_sorting.lib
-- Library wsock32 not found in package, might be system one
-- Library ws2_32 not found in package, might be system one
-- Library KsfLoggerComponent found C:/.conan/978f23/1/lib/KsfLoggerComponent.lib
-- Library CdmJson found C:/.conan/db34e5/1/lib/CdmJson.lib
-- Library zlib found C:/.conan/c995dd/1/lib/zlib.lib
-- Library cares found C:/.conan/577347/1/lib/cares.lib
-- Library ws2_32 not found in package, might be system one
-- Library nats_static found C:/.conan/548848/1/lib/nats_static.lib
-- Library CdmCore found C:/.conan/9ef405/1/lib/CdmCore.lib
-- Library libssld found C:/.conan/9d61d7/1/lib/libssld.lib
-- Library libcryptod found C:/.conan/9d61d7/1/lib/libcryptod.lib
-- Library protobuf-c found C:/.conan/cd5769/1/lib/protobuf-c.lib
-- Library libprotobufd found C:/.conan/6943e1/1/lib/libprotobufd.lib
-- Library libprotocd found C:/.conan/6943e1/1/lib/libprotocd.lib
-- Conan: Adjusting default RPATHs Conan policies
-- Conan: Adjusting language standard
CDM include (debug)
CDM include (release)
CDM include C:/.conan/9ef405/1/include
'Installing' TrussBuild binaries from C:/.conan/2df40d/1
-- Installing: C:/Keysight/Development/git/truss-lite/build/truss-binaries/conanbuildinfo.txt
-- Installing: C:/Keysight/Development/git/truss-lite/build/truss-binaries/conanfile.py
-- Installing: C:/Keysight/Development/git/truss-lite/build/truss-binaries/conaninfo.txt
-- Installing: C:/Keysight/Development/git/truss-lite/build/truss-binaries/conanmanifest.txt
'Installing' TrussBuildMkl binaries from C:/.conan/d4722c/1
-- Installing: C:/Keysight/Development/git/truss-lite/build/truss-binaries/conanfile.py
-- Installing: C:/Keysight/Development/git/truss-lite/build/truss-binaries/conaninfo.txt
-- Installing: C:/Keysight/Development/git/truss-lite/build/truss-binaries/conanmanifest.txt
'Installing' TrussFpga binaries from C:/.conan/7da746/1
-- Installing: C:/Keysight/Development/git/truss-lite/build/truss-binaries/conanbuildinfo.txt
-- Installing: C:/Keysight/Development/git/truss-lite/build/truss-binaries/conaninfo.txt
-- Installing: C:/Keysight/Development/git/truss-lite/build/truss-binaries/conanmanifest.txt
'Installing' TrussInstall binaries from C:/.conan/b7df07/1
-- Installing: C:/Keysight/Development/git/truss-lite/build/truss-binaries/conanbuildinfo.txt
-- Installing: C:/Keysight/Development/git/truss-lite/build/truss-binaries/conaninfo.txt
-- Installing: C:/Keysight/Development/git/truss-lite/build/truss-binaries/conanmanifest.txt
'Installing' TrussTest binaries from C:/.conan/874262/1
-- Installing: C:/Keysight/Development/git/truss-lite/build/truss-binaries/conanfile.py
-- Installing: C:/Keysight/Development/git/truss-lite/build/truss-binaries/conaninfo.txt
-- Installing: C:/Keysight/Development/git/truss-lite/build/truss-binaries/conanmanifest.txt
'Installing' TrussTestFpgaRm binaries from C:/.conan/590d35/1
-- Installing: C:/Keysight/Development/git/truss-lite/build/truss-binaries/conanbuildinfo.txt
-- Installing: C:/Keysight/Development/git/truss-lite/build/truss-binaries/conaninfo.txt
-- Installing: C:/Keysight/Development/git/truss-lite/build/truss-binaries/conanmanifest.txt
'Installing' TrussTools binaries from C:/.conan/fc1932/1
-- Installing: C:/Keysight/Development/git/truss-lite/build/truss-binaries/conanbuildinfo.txt
-- Installing: C:/Keysight/Development/git/truss-lite/build/truss-binaries/conaninfo.txt
-- Installing: C:/Keysight/Development/git/truss-lite/build/truss-binaries/conanmanifest.txt
'Installing' TrussVerticalFeatureTest binaries from C:/.conan/661d6d/1
'Installing' NgcCodeGen (rooftop) binaries from C:/.conan/91a91e/1
-- Installing: C:/Keysight/Development/git/truss-lite/build/truss-binaries/rooftop/codegen/pyapi/gensrc/def_property.py
-- Installing: C:/Keysight/Development/git/truss-lite/build/truss-binaries/rooftop/src/cmake/RooftopUtils.cmake
Checking NgcCodeGen zlib version at C:/Keysight/Development/git/truss-lite/build/truss-binaries/rooftop. See TRUSS-3366 at https://jira.it.keysight.com/browse/TRUSS-3366
Filtering C:/Keysight/Development/git/truss-lite/build/truss-binaries/rooftop/codegen/pyapi/gensrc/def_property.py
Filtering C:/Keysight/Development/git/truss-lite/build/truss-binaries/rooftop/src/cmake/RooftopUtils.cmake
Filtering C:/Keysight/Development/git/truss-lite/build/truss-binaries/rooftop/src/cmake/RooftopUtils.cmake
Adding projects from submodule cosim...
CMake Error at CMakeLists.txt:665 (include):
  include could not find requested file:

    C:/Keysight/Development/git/truss-lite/submodule/cosim/CMake/CosimProjects.cmake


Adding project 'ModularCoreSupport'
Adding project 'CommonIo'
Adding project 'ModularCoreUtility'
Adding project 'ModularCoreEvents'
Adding project 'ModularCoreMemory'
Adding project 'ModularCoreTestSupport'
Adding project 'ModularCoreRegisters'
Adding project 'ModularFrameworkTestSupport'
Adding project 'ModularCoreTestManager'
Adding project 'ModularCoreAnalogBus'
Adding project 'CryptoLib'
Adding project 'ModularCoreFileSystem'
Adding project 'ModularCoreFpga'
Adding project 'ModularCorePeripherals'
Adding project 'ModularCoreStreaming'
Adding project 'ModularCoreSysMon'
Adding project 'ModularCore'
Adding project 'ModularCoreBoards'
Adding project 'DeviceLib'
Adding project 'ModularCoreXilinx'
Adding project 'ModularCoreOdi'
Adding project 'ModularCoreRemoteCache'
Adding project 'ModularFramework'
Adding project 'Breckenridge'
Skipping project 'Cosim', explicitly included in CoreProjects.cmake or CMakeLists.txt
Adding project 'ModularCoreCosim'
Adding project 'DspLib'
Adding project 'HviCoreLib'
Adding project 'ModernCalibrationLib'
Adding project 'ModulationLib'
Adding project 'SerializationLib'
Adding project 'JamPlayer'
Adding project 'Keystone'
Adding project 'NativeKdimBridge'
Adding project 'ManagedKdimBridge'
Skipping project 'ModularCoreSharedSFP', explicitly included in CoreProjects.cmake or CMakeLists.txt
Adding project 'LiveSfpBridge'
Adding project 'ModularCorePpiSession'
Adding project 'SswsBridge'
Adding project 'ModularCoreWaveform'
Adding project 'ModularCoreSequencer'
Skipping project 'ModularCoreSharedSFP', explicitly included in CoreProjects.cmake or CMakeLists.txt
Adding project 'ModularCoreLicenseKal'
'Installing' GSL include files from C:/.conan/fee301/1/include
pybind11_DIR="C:/.conan/25ef55/1/lib/cmake/pybind11"
-- Found pybind11: C:/.conan/25ef55/1/include (found version "2.10.1")
PYBIND11_CMAKE_SRC_DIR=C:/.conan/25ef55/1/lib/cmake/pybind11
Copying NonIvi Unit Test Sources for KtCornerstoneNonIviTest and KtCornerstoneNonIviTestModernDotNet
VERTICAL_FEATURE_PATHS=submodule/modular-core/templates,submodule/modular-core/verticalFeatures
Adding custom command for copying NonIvi Unit Tests based on value of NON_IVI_UNIT_TESTS_FEATURES: Main
-- Configuring incomplete, errors occurred!
ERROR: conanfile.py: Error in build() method, line 429
        cmake.configure(defs=extra_defs)
        ConanException: Error 1 while executing cd C:\Keysight\Development\git\truss-lite\build\win64 && cmake -G "Visual Studio 17 2022" -A "x64" -DCONAN_LINK_RUNTIME="/MDd" -DCONAN_IN_LOCAL_CACHE="OFF" -DCONAN_COMPILER="Visual Studio" -DCONAN_COMPILER_VERSION="17" -DCONAN_CXX_FLAGS="/MP8" -DCONAN_C_FLAGS="/MP8" -DBUILD_SHARED_LIBS="OFF" -DCMAKE_INSTALL_PREFIX="C:\Keysight\Development\git\truss-lite\build\win64\package" -DCMAKE_INSTALL_BINDIR="bin" -DCMAKE_INSTALL_SBINDIR="bin" -DCMAKE_INSTALL_LIBEXECDIR="bin" -DCMAKE_INSTALL_LIBDIR="lib" -DCMAKE_INSTALL_INCLUDEDIR="include" -DCMAKE_INSTALL_OLDINCLUDEDIR="include" -DCMAKE_INSTALL_DATAROOTDIR="share" -DCMAKE_EXPORT_NO_PACKAGE_REGISTRY="ON" -DCONAN_EXPORTED="1" -Wno-dev -DBUILD_SHARED_LIBS="False" -DSOLUTION_SCOPE="IVI" -DINCLUDE_EXAMPLES="False" -DUSE_CORE_PACKAGES="False" -DCORE_VERSION="2.1.0-140" -DMODULAR_CORE_ENABLE_KAL_SUPPORT="True" -DMODULAR_CORE_ENABLE_CCL_SUPPORT="False" -DINCLUDE_BOOST_SIGNATURES="False" -DINCLUDE_HPP="False" -DTRUSS_CXX_STANDARD="17" -DHVI_CORE_VERSION="3.20.1" -DBUILD_WITH_NIMBUS="true" -DOVERRIDE_BOOST="true" -DINCLUDE_COSIM="true" -DINCLUDE_PPI="true" -DSUPPORTED_PYTHONS="3.8 3.9 3.10 3.11" C:\Keysight\Development\git\truss-lite
Traceback (most recent call last):
  File "C:\Keysight\Development\git\truss-lite\tool\configBuild.py", line 1136, in <module>
    app.createBuildEnvironment()
  File "C:\Keysight\Development\git\truss-lite\tool\configBuild.py", line 146, in createBuildEnvironment
    self.__createBuildFilesViaConan()
  File "C:\Keysight\Development\git\truss-lite\tool\configBuild.py", line 274, in __createBuildFilesViaConan
    self._actionCallExternal(conanBuild)
  File "C:\Keysight\Development\git\truss-lite\tool\configBuild.py", line 508, in _actionCallExternal
    raise Exception('Operation FAILED, return code {} when executing:\r\n{}'.format(return_code, cmd))
Exception: Operation FAILED, return code 1 when executing:
"C:\Program Files\Python310\Scripts\conan.exe" build "C:\Keysight\Development\git\truss-lite" --source-folder="C:\Keysight\Development\git\truss-lite" --build-folder="C:\Keysight\Development\git\truss-lite\build\win64"